<?xml version="1.0" encoding="UTF-8"?>
<testng-results ignored="0" total="1" passed="0" failed="1" skipped="0">
  <reporter-output>
  </reporter-output>
  <suite started-at="2023-12-21T22:34:03 IST" name="Default suite" finished-at="2023-12-21T22:34:03 IST" duration-ms="63">
    <groups>
    </groups>
    <test started-at="2023-12-21T22:34:03 IST" name="Default test" finished-at="2023-12-21T22:34:03 IST" duration-ms="63">
      <class name="E_Com_Utilities.Excel_File_Reader">
        <test-method signature="fileread([[Ljava.lang.String;)[pri:0, instance:E_Com_Utilities.Excel_File_Reader@4b29d1d2]" started-at="2023-12-21T22:34:03 IST" name="fileread" data-provider="TestData" finished-at="2023-12-21T22:34:03 IST" duration-ms="0" status="FAIL">
          <exception class="org.testng.TestNGException">
            <message>
              <![CDATA[
Data Provider public static java.lang.Object[][] E_Com_Utilities.DataProvider_Example.getdata() returned a null value]]>
            </message>
            <full-stacktrace>
              <![CDATA[org.testng.TestNGException: 
Data Provider public static java.lang.Object[][] E_Com_Utilities.DataProvider_Example.getdata() returned a null value
at org.testng.internal.MethodInvocationHelper.invokeDataProvider(MethodInvocationHelper.java:148)
at org.testng.internal.Parameters.handleParameters(Parameters.java:798)
at org.testng.internal.Parameters.handleParameters(Parameters.java:740)
at org.testng.internal.ParameterHandler.handleParameters(ParameterHandler.java:59)
at org.testng.internal.ParameterHandler.createParameters(ParameterHandler.java:38)
at org.testng.internal.TestInvoker$MethodInvocationAgent.invoke(TestInvoker.java:791)
at org.testng.internal.TestInvoker.invokeTestMethods(TestInvoker.java:146)
at org.testng.internal.TestMethodWorker.invokeTestMethods(TestMethodWorker.java:146)
at org.testng.internal.TestMethodWorker.run(TestMethodWorker.java:128)
at java.base/java.util.ArrayList.forEach(ArrayList.java:1511)
at org.testng.TestRunner.privateRun(TestRunner.java:794)
at org.testng.TestRunner.run(TestRunner.java:596)
at org.testng.SuiteRunner.runTest(SuiteRunner.java:377)
at org.testng.SuiteRunner.runSequentially(SuiteRunner.java:371)
at org.testng.SuiteRunner.privateRun(SuiteRunner.java:332)
at org.testng.SuiteRunner.run(SuiteRunner.java:276)
at org.testng.SuiteRunnerWorker.runSuite(SuiteRunnerWorker.java:53)
at org.testng.SuiteRunnerWorker.run(SuiteRunnerWorker.java:96)
at org.testng.TestNG.runSuitesSequentially(TestNG.java:1212)
at org.testng.TestNG.runSuitesLocally(TestNG.java:1134)
at org.testng.TestNG.runSuites(TestNG.java:1063)
at org.testng.TestNG.run(TestNG.java:1031)
at org.testng.remote.AbstractRemoteTestNG.run(AbstractRemoteTestNG.java:115)
at org.testng.remote.RemoteTestNG.initAndRun(RemoteTestNG.java:251)
at org.testng.remote.RemoteTestNG.main(RemoteTestNG.java:77)
]]>
            </full-stacktrace>
          </exception> <!-- org.testng.TestNGException -->
          <reporter-output>
          </reporter-output>
        </test-method> <!-- fileread -->
      </class> <!-- E_Com_Utilities.Excel_File_Reader -->
    </test> <!-- Default test -->
  </suite> <!-- Default suite -->
</testng-results>
